{"contracts/attestation/MultiSigProofVerifier.sol":{"l":{"39":0,"40":0,"44":2,"45":2,"46":2,"48":2,"49":4,"50":4,"51":4,"52":4,"55":2,"56":2,"57":2,"65":0,"66":0,"67":0,"71":0,"72":0,"73":0,"77":0,"80":0,"81":0,"106":2,"124":2,"128":3,"129":3,"130":3,"131":3,"132":3,"137":3,"138":3,"139":3,"166":0,"181":2,"184":2,"185":2,"186":2,"187":2,"188":2,"191":2,"192":2,"195":2,"196":2,"197":2,"199":2,"200":3,"201":3,"203":3,"204":3,"205":1,"206":0,"207":0,"210":3,"212":3,"213":3,"214":3,"216":1},"path":"/Users/martinmarinov/lightchallenge/contracts/attestation/MultiSigProofVerifier.sol","s":{"1":0,"2":2,"3":2,"4":2,"5":4,"6":4,"7":4,"8":2,"9":2,"10":0,"11":0,"12":0,"13":0,"14":0,"15":0,"16":2,"17":2,"18":3,"19":3,"20":3,"21":3,"22":3,"23":3,"24":3,"25":0,"26":2,"27":2,"28":0,"29":2,"30":0,"31":2,"32":0,"33":2,"34":0,"35":2,"36":0,"37":2,"38":2,"39":2,"40":2,"41":2,"42":2,"43":3,"44":3,"45":3,"46":3,"47":1,"48":3,"49":3,"50":1,"51":1},"b":{"1":[0,0],"2":[2,0],"3":[4,0],"4":[2,0],"5":[0,0],"6":[0,0],"7":[0,0],"8":[0,0],"9":[0,0],"10":[0,0],"11":[3,0],"12":[0,3],"13":[3,0],"14":[0,3],"15":[0,2],"16":[0,2],"17":[0,2],"18":[0,2],"19":[0,2],"20":[0,3],"21":[0,1],"22":[0,3],"23":[1,2]},"f":{"1":0,"2":2,"3":0,"4":0,"5":0,"6":2,"7":2,"8":3,"9":0,"10":2},"fnMap":{"1":{"name":"onlyOwner","line":38,"loc":{"start":{"line":38,"column":2},"end":{"line":41,"column":2}}},"2":{"name":"constructor","line":43,"loc":{"start":{"line":43,"column":2},"end":{"line":58,"column":2}}},"3":{"name":"setOwner","line":64,"loc":{"start":{"line":64,"column":2},"end":{"line":68,"column":2}}},"4":{"name":"setAttester","line":70,"loc":{"start":{"line":70,"column":2},"end":{"line":74,"column":2}}},"5":{"name":"setThreshold","line":76,"loc":{"start":{"line":76,"column":2},"end":{"line":82,"column":2}}},"6":{"name":"_attHash","line":105,"loc":{"start":{"line":105,"column":2},"end":{"line":121,"column":2}}},"7":{"name":"_toEthSigned","line":123,"loc":{"start":{"line":123,"column":2},"end":{"line":125,"column":2}}},"8":{"name":"_recover","line":127,"loc":{"start":{"line":127,"column":2},"end":{"line":140,"column":2}}},"9":{"name":"hashChallenge","line":161,"loc":{"start":{"line":161,"column":2},"end":{"line":169,"column":2}}},"10":{"name":"verify","line":176,"loc":{"start":{"line":176,"column":2},"end":{"line":217,"column":2}}}},"statementMap":{"1":{"start":{"line":39,"column":4},"end":{"line":39,"column":44}},"2":{"start":{"line":44,"column":4},"end":{"line":44,"column":43}},"3":{"start":{"line":46,"column":4},"end":{"line":46,"column":41}},"4":{"start":{"line":48,"column":4},"end":{"line":48,"column":1745}},"5":{"start":{"line":49,"column":6},"end":{"line":49,"column":37}},"6":{"start":{"line":50,"column":6},"end":{"line":50,"column":43}},"7":{"start":{"line":52,"column":6},"end":{"line":52,"column":31}},"8":{"start":{"line":55,"column":4},"end":{"line":55,"column":84}},"9":{"start":{"line":57,"column":4},"end":{"line":57,"column":33}},"10":{"start":{"line":65,"column":4},"end":{"line":65,"column":41}},"11":{"start":{"line":66,"column":4},"end":{"line":66,"column":34}},"12":{"start":{"line":71,"column":4},"end":{"line":71,"column":43}},"13":{"start":{"line":73,"column":4},"end":{"line":73,"column":29}},"14":{"start":{"line":77,"column":4},"end":{"line":77,"column":32}},"15":{"start":{"line":81,"column":4},"end":{"line":81,"column":24}},"16":{"start":{"line":106,"column":4},"end":{"line":106,"column":3747}},"17":{"start":{"line":124,"column":4},"end":{"line":124,"column":77}},"18":{"start":{"line":128,"column":4},"end":{"line":128,"column":39}},"19":{"start":{"line":129,"column":4},"end":{"line":129,"column":13}},"20":{"start":{"line":130,"column":4},"end":{"line":130,"column":13}},"21":{"start":{"line":131,"column":4},"end":{"line":131,"column":11}},"22":{"start":{"line":137,"column":4},"end":{"line":137,"column":23}},"23":{"start":{"line":138,"column":4},"end":{"line":138,"column":39}},"24":{"start":{"line":139,"column":4},"end":{"line":139,"column":37}},"25":{"start":{"line":166,"column":4},"end":{"line":166,"column":5540}},"26":{"start":{"line":181,"column":4},"end":{"line":181,"column":93}},"27":{"start":{"line":184,"column":4},"end":{"line":184,"column":52}},"28":{"start":{"line":184,"column":40},"end":{"line":184,"column":52}},"29":{"start":{"line":185,"column":4},"end":{"line":185,"column":44}},"30":{"start":{"line":185,"column":32},"end":{"line":185,"column":44}},"31":{"start":{"line":186,"column":4},"end":{"line":186,"column":50}},"32":{"start":{"line":186,"column":38},"end":{"line":186,"column":50}},"33":{"start":{"line":187,"column":4},"end":{"line":187,"column":51}},"34":{"start":{"line":187,"column":39},"end":{"line":187,"column":51}},"35":{"start":{"line":188,"column":4},"end":{"line":188,"column":31}},"36":{"start":{"line":188,"column":19},"end":{"line":188,"column":31}},"37":{"start":{"line":191,"column":4},"end":{"line":191,"column":29}},"38":{"start":{"line":192,"column":4},"end":{"line":192,"column":36}},"39":{"start":{"line":195,"column":4},"end":{"line":195,"column":25}},"40":{"start":{"line":196,"column":4},"end":{"line":196,"column":54}},"41":{"start":{"line":197,"column":4},"end":{"line":197,"column":25}},"42":{"start":{"line":199,"column":4},"end":{"line":199,"column":6676}},"43":{"start":{"line":200,"column":6},"end":{"line":200,"column":48}},"44":{"start":{"line":201,"column":6},"end":{"line":201,"column":39}},"45":{"start":{"line":203,"column":6},"end":{"line":203,"column":22}},"46":{"start":{"line":204,"column":6},"end":{"line":204,"column":6844}},"47":{"start":{"line":205,"column":8},"end":{"line":205,"column":6896}},"48":{"start":{"line":210,"column":6},"end":{"line":210,"column":23}},"49":{"start":{"line":214,"column":6},"end":{"line":214,"column":45}},"50":{"start":{"line":214,"column":34},"end":{"line":214,"column":45}},"51":{"start":{"line":216,"column":4},"end":{"line":216,"column":16}}},"branchMap":{"1":{"line":39,"type":"if","locations":[{"start":{"line":39,"column":4},"end":{"line":39,"column":4}},{"start":{"line":39,"column":4},"end":{"line":39,"column":4}}]},"2":{"line":44,"type":"if","locations":[{"start":{"line":44,"column":4},"end":{"line":44,"column":4}},{"start":{"line":44,"column":4},"end":{"line":44,"column":4}}]},"3":{"line":50,"type":"if","locations":[{"start":{"line":50,"column":6},"end":{"line":50,"column":6}},{"start":{"line":50,"column":6},"end":{"line":50,"column":6}}]},"4":{"line":55,"type":"if","locations":[{"start":{"line":55,"column":4},"end":{"line":55,"column":4}},{"start":{"line":55,"column":4},"end":{"line":55,"column":4}}]},"5":{"line":64,"type":"if","locations":[{"start":{"line":64,"column":43},"end":{"line":64,"column":43}},{"start":{"line":64,"column":43},"end":{"line":64,"column":43}}]},"6":{"line":65,"type":"if","locations":[{"start":{"line":65,"column":4},"end":{"line":65,"column":4}},{"start":{"line":65,"column":4},"end":{"line":65,"column":4}}]},"7":{"line":70,"type":"if","locations":[{"start":{"line":70,"column":54},"end":{"line":70,"column":54}},{"start":{"line":70,"column":54},"end":{"line":70,"column":54}}]},"8":{"line":71,"type":"if","locations":[{"start":{"line":71,"column":4},"end":{"line":71,"column":4}},{"start":{"line":71,"column":4},"end":{"line":71,"column":4}}]},"9":{"line":76,"type":"if","locations":[{"start":{"line":76,"column":44},"end":{"line":76,"column":44}},{"start":{"line":76,"column":44},"end":{"line":76,"column":44}}]},"10":{"line":77,"type":"if","locations":[{"start":{"line":77,"column":4},"end":{"line":77,"column":4}},{"start":{"line":77,"column":4},"end":{"line":77,"column":4}}]},"11":{"line":128,"type":"if","locations":[{"start":{"line":128,"column":4},"end":{"line":128,"column":4}},{"start":{"line":128,"column":4},"end":{"line":128,"column":4}}]},"12":{"line":137,"type":"if","locations":[{"start":{"line":137,"column":4},"end":{"line":137,"column":4}},{"start":{"line":137,"column":4},"end":{"line":137,"column":4}}]},"13":{"line":138,"type":"if","locations":[{"start":{"line":138,"column":4},"end":{"line":138,"column":4}},{"start":{"line":138,"column":4},"end":{"line":138,"column":4}}]},"14":{"line":138,"type":"cond-expr","locations":[{"start":{"line":138,"column":12},"end":{"line":138,"column":18}},{"start":{"line":138,"column":23},"end":{"line":138,"column":29}}]},"15":{"line":184,"type":"if","locations":[{"start":{"line":184,"column":4},"end":{"line":184,"column":4}},{"start":{"line":184,"column":4},"end":{"line":184,"column":4}}]},"16":{"line":185,"type":"if","locations":[{"start":{"line":185,"column":4},"end":{"line":185,"column":4}},{"start":{"line":185,"column":4},"end":{"line":185,"column":4}}]},"17":{"line":186,"type":"if","locations":[{"start":{"line":186,"column":4},"end":{"line":186,"column":4}},{"start":{"line":186,"column":4},"end":{"line":186,"column":4}}]},"18":{"line":187,"type":"if","locations":[{"start":{"line":187,"column":4},"end":{"line":187,"column":4}},{"start":{"line":187,"column":4},"end":{"line":187,"column":4}}]},"19":{"line":188,"type":"if","locations":[{"start":{"line":188,"column":4},"end":{"line":188,"column":4}},{"start":{"line":188,"column":4},"end":{"line":188,"column":4}}]},"20":{"line":201,"type":"if","locations":[{"start":{"line":201,"column":6},"end":{"line":201,"column":6}},{"start":{"line":201,"column":6},"end":{"line":201,"column":6}}]},"21":{"line":205,"type":"if","locations":[{"start":{"line":205,"column":8},"end":{"line":205,"column":8}},{"start":{"line":205,"column":8},"end":{"line":205,"column":8}}]},"22":{"line":210,"type":"if","locations":[{"start":{"line":210,"column":6},"end":{"line":210,"column":6}},{"start":{"line":210,"column":6},"end":{"line":210,"column":6}}]},"23":{"line":214,"type":"if","locations":[{"start":{"line":214,"column":6},"end":{"line":214,"column":6}},{"start":{"line":214,"column":6},"end":{"line":214,"column":6}}]}}},"contracts/ChallengePay.sol":{"l":{"64":49,"65":47,"69":25,"70":25,"72":25,"73":25,"74":25,"75":25,"76":25,"78":25,"84":25,"124":13,"125":13,"127":13,"128":13,"129":13,"130":13,"131":13,"135":28,"136":28,"137":28,"138":28,"139":28,"140":28,"144":4,"145":4,"146":3,"147":3,"149":3,"150":3,"152":3,"153":3,"154":3,"158":4,"159":4,"160":3,"162":2,"163":2,"164":2,"165":2,"166":1,"198":5,"199":4,"200":3,"201":2,"202":2,"206":8,"207":7,"208":6,"209":5,"210":4,"211":3,"212":3,"392":2,"393":1,"394":1,"398":1,"399":1,"400":1,"401":1,"405":1,"406":1,"407":1,"408":1,"410":1,"411":1,"412":1,"414":1,"415":1,"416":1,"423":27,"424":27,"458":6,"459":6,"479":1,"480":1,"481":1,"510":22,"511":22,"512":22,"513":22,"514":21,"516":20,"517":20,"518":20,"520":19,"521":19,"522":19,"523":19,"524":19,"525":19,"526":19,"527":19,"528":19,"529":19,"530":19,"531":19,"532":19,"533":19,"534":19,"535":19,"536":19,"537":19,"538":19,"539":19,"541":19,"542":19,"543":19,"544":19,"547":19,"548":19,"555":27,"556":27,"558":27,"559":27,"560":27,"561":27,"562":27,"564":27,"565":27,"566":27,"567":27,"569":27,"570":27,"572":27,"573":22,"575":5,"578":27,"579":27,"580":27,"581":21,"582":21,"583":21,"584":14,"585":14,"586":14,"588":2,"589":2,"590":2,"591":2,"601":5,"602":5,"603":5,"604":5,"606":4,"607":4,"608":6,"610":4,"611":3,"612":2,"614":2,"615":2,"622":10,"623":10,"624":9,"625":9,"626":9,"628":9,"630":8,"631":8,"632":8,"636":7,"637":7,"638":7,"639":6,"640":6,"641":6,"643":6,"645":6,"646":0,"647":0,"649":6,"650":6,"652":6,"659":3,"660":3,"661":3,"662":3,"663":3,"664":3,"671":17,"672":17,"673":2,"674":2,"675":2,"676":2,"677":2,"678":2,"679":2,"682":15,"683":2,"684":1,"685":1,"686":1,"688":1,"689":1,"691":2,"692":2,"696":13,"697":0,"699":13,"700":4,"703":11,"704":11,"705":11,"706":11,"711":12,"712":12,"714":12,"715":12,"716":12,"719":12,"720":12,"722":12,"723":12,"724":12,"725":12,"726":12,"727":12,"729":12,"732":12,"735":12,"736":12,"737":22,"738":22,"739":22,"740":21,"745":12,"746":12,"747":12,"748":12,"749":12,"750":12,"751":12,"752":12,"753":12,"754":12,"755":12,"756":12,"757":12,"760":12,"761":6,"763":6,"765":12,"766":6,"768":6,"770":12,"771":6,"773":6,"777":12,"778":12,"779":12,"781":12,"782":12,"785":12,"786":12,"787":12,"788":12,"790":12,"797":1,"798":1,"800":1,"801":1,"803":1,"804":1,"805":1,"806":1,"808":1,"809":1,"810":1,"812":1,"813":1,"817":2,"818":2,"820":2,"821":2,"823":2,"824":2,"825":2,"826":2,"828":2,"829":2,"830":1,"831":1,"833":2,"842":8,"843":8,"844":8,"846":6,"847":6,"848":5,"850":5,"851":5,"852":5,"853":5,"855":4,"856":4,"857":4,"861":0,"870":1,"871":1,"873":0,"874":0,"875":0,"876":0,"878":0,"879":0,"880":0,"884":0,"889":9,"890":8,"892":1,"900":27,"901":27,"905":6,"906":6,"910":19,"911":19,"912":19,"917":15,"918":7,"919":6,"920":6,"925":32,"926":51,"927":51,"935":4,"936":4,"938":4,"939":4,"940":4,"941":4,"942":4,"944":0,"947":4,"948":0,"949":0,"950":0,"954":4,"955":4,"956":4,"957":4,"958":4,"961":4,"962":4,"963":0,"964":0,"966":0,"967":0,"968":0,"969":0,"971":0,"972":0,"977":4,"979":4,"980":4,"983":4,"984":4,"985":4,"986":4,"987":4,"991":29,"992":29,"993":29,"1000":1,"1004":1,"1023":1,"1024":1,"1026":1,"1027":1,"1028":1,"1030":1,"1031":1,"1032":1,"1033":1,"1034":1,"1035":1,"1037":0,"1038":0,"1039":0,"1042":1,"1043":1},"path":"/Users/martinmarinov/lightchallenge/contracts/ChallengePay.sol","s":{"1":49,"2":13,"3":13,"4":13,"5":28,"6":28,"7":28,"8":28,"9":4,"10":4,"11":3,"12":3,"13":3,"14":4,"15":4,"16":3,"17":2,"18":2,"19":1,"20":5,"21":4,"22":3,"23":2,"24":8,"25":7,"26":6,"27":5,"28":4,"29":3,"30":2,"31":1,"32":1,"33":1,"34":1,"35":1,"36":1,"37":1,"38":1,"39":1,"40":1,"41":1,"42":1,"43":27,"44":19,"45":6,"46":1,"47":22,"48":22,"49":22,"50":22,"51":21,"52":20,"53":20,"54":20,"55":19,"56":19,"57":19,"58":19,"59":19,"60":19,"61":1,"62":27,"63":27,"64":27,"65":27,"66":27,"67":27,"68":27,"69":27,"70":27,"71":27,"72":22,"73":5,"74":27,"75":27,"76":27,"77":21,"78":21,"79":21,"80":14,"81":14,"82":7,"83":2,"84":2,"85":5,"86":5,"87":5,"88":5,"89":4,"90":4,"91":6,"92":4,"93":3,"94":2,"95":2,"96":10,"97":10,"98":9,"99":9,"100":9,"101":9,"102":8,"103":8,"104":7,"105":7,"106":7,"107":6,"108":6,"109":6,"110":6,"111":6,"112":0,"113":6,"114":6,"115":3,"116":3,"117":3,"118":3,"119":3,"120":17,"121":17,"122":2,"123":2,"124":2,"125":2,"126":2,"127":15,"128":2,"129":1,"130":1,"131":1,"132":2,"133":2,"134":13,"135":0,"136":13,"137":4,"138":11,"139":11,"140":12,"141":12,"142":12,"143":12,"144":12,"145":12,"146":12,"147":12,"148":12,"149":12,"150":12,"151":12,"152":12,"153":12,"154":12,"155":12,"156":22,"157":22,"158":22,"159":12,"160":12,"161":12,"162":12,"163":12,"164":7,"165":12,"166":7,"167":12,"168":1,"169":12,"170":12,"171":12,"172":1,"173":1,"174":1,"175":1,"176":1,"177":1,"178":1,"179":1,"180":1,"181":1,"182":1,"183":2,"184":2,"185":2,"186":2,"187":2,"188":2,"189":2,"190":2,"191":2,"192":1,"193":1,"194":2,"195":8,"196":8,"197":8,"198":6,"199":6,"200":5,"201":5,"202":5,"203":5,"204":5,"205":4,"206":4,"207":0,"208":1,"209":1,"210":0,"211":0,"212":0,"213":0,"214":0,"215":0,"216":0,"217":9,"218":8,"219":1,"220":27,"221":19,"222":6,"223":6,"224":19,"225":15,"226":7,"227":32,"228":51,"229":51,"230":4,"231":4,"232":4,"233":4,"234":4,"235":4,"236":4,"237":0,"238":0,"239":0,"240":4,"241":0,"242":0,"243":0,"244":0,"245":4,"246":4,"247":4,"248":4,"249":4,"250":4,"251":4,"252":0,"253":0,"254":0,"255":0,"256":0,"257":0,"258":0,"259":4,"260":4,"261":4,"262":4,"263":4,"264":29,"265":0,"266":29,"267":29,"268":1,"269":1,"270":1,"271":1,"272":1,"273":1,"274":1},"b":{"1":[2,47],"2":[1,1],"3":[1,1],"4":[13,0],"5":[0,13],"6":[0,0],"7":[0,13],"8":[28,0],"9":[0,28],"10":[0,28],"11":[4,0],"12":[0,4],"13":[1,3],"14":[0,3],"15":[4,0],"16":[1,3],"17":[1,2],"18":[1,1],"19":[5,0],"20":[4,1],"21":[3,1],"22":[2,1],"23":[8,0],"24":[7,1],"25":[6,1],"26":[5,1],"27":[4,1],"28":[3,1],"29":[16,0],"30":[2,0],"31":[2,0],"32":[1,1],"33":[1,0],"34":[1,0],"35":[0,1],"36":[1,0],"37":[0,1],"38":[0,1],"39":[0,1],"40":[22,0],"41":[0,22],"42":[0,22],"43":[0,22],"44":[1,21],"45":[1,20],"46":[0,20],"47":[1,19],"48":[19,0],"49":[1,18],"50":[0,27],"51":[0,27],"52":[0,0],"53":[0,27],"54":[0,27],"55":[0,27],"56":[22,5],"57":[22,5],"58":[27,0],"59":[21,6],"60":[14,7],"61":[2,5],"62":[5,0],"63":[5,0],"64":[4,1],"65":[3,3],"66":[3,1],"67":[2,1],"68":[1,1],"69":[10,0],"70":[1,9],"71":[1,0],"72":[0,9],"73":[0,9],"74":[0,9],"75":[7,0],"76":[7,0],"77":[0,7],"78":[1,6],"79":[1,0],"80":[0,6],"81":[0,6],"82":[0,6],"83":[0,6],"84":[3,0],"85":[0,3],"86":[0,3],"87":[17,0],"88":[2,15],"89":[0,2],"90":[2,13],"91":[1,1],"92":[0,13],"93":[0,0],"94":[4,9],"95":[2,2],"96":[12,0],"97":[11,1],"98":[11,1],"99":[12,0],"100":[11,1],"101":[21,1],"102":[19,2],"103":[6,6],"104":[6,6],"105":[6,6],"106":[7,5],"107":[7,5],"108":[1,11],"109":[1,0],"110":[0,1],"111":[1,0],"112":[0,1],"113":[0,1],"114":[1,0],"115":[2,0],"116":[0,2],"117":[2,0],"118":[0,2],"119":[0,2],"120":[1,1],"121":[1,0],"122":[0,8],"123":[2,6],"124":[1,5],"125":[0,5],"126":[1,4],"127":[0,0],"128":[0,1],"129":[0,0],"130":[0,0],"131":[0,0],"132":[0,0],"133":[9,0],"134":[8,1],"135":[19,8],"136":[6,0],"137":[19,0],"138":[7,8],"139":[1,6],"140":[27,24],"141":[0,4],"142":[4,0],"143":[0,4],"144":[0,0],"145":[0,0],"146":[4,0],"147":[0,4],"148":[0,0],"149":[0,0],"150":[0,0],"151":[4,0],"152":[4,0],"153":[0,29],"154":[0,29],"155":[1,0]},"f":{"1":49,"2":25,"3":1,"4":1,"5":13,"6":28,"7":4,"8":4,"9":5,"10":8,"11":16,"12":2,"13":1,"14":1,"15":27,"16":19,"17":6,"18":1,"19":22,"20":27,"21":5,"22":10,"23":7,"24":3,"25":17,"26":12,"27":1,"28":2,"29":8,"30":0,"31":1,"32":0,"33":9,"34":27,"35":6,"36":19,"37":15,"38":32,"39":4,"40":29,"41":1,"42":1,"43":1},"fnMap":{"1":{"name":"onlyAdmin","line":63,"loc":{"start":{"line":63,"column":2},"end":{"line":66,"column":2}}},"2":{"name":"constructor","line":68,"loc":{"start":{"line":68,"column":2},"end":{"line":94,"column":2}}},"3":{"name":"setAdmin","line":96,"loc":{"start":{"line":96,"column":2},"end":{"line":96,"column":63}}},"4":{"name":"setDaoTreasury","line":97,"loc":{"start":{"line":97,"column":2},"end":{"line":97,"column":75}}},"5":{"name":"setValidatorParams","line":123,"loc":{"start":{"line":118,"column":2},"end":{"line":132,"column":2}}},"6":{"name":"stakeValidator","line":134,"loc":{"start":{"line":134,"column":2},"end":{"line":141,"column":2}}},"7":{"name":"requestUnstake","line":143,"loc":{"start":{"line":143,"column":2},"end":{"line":155,"column":2}}},"8":{"name":"withdrawUnstaked","line":157,"loc":{"start":{"line":157,"column":2},"end":{"line":167,"column":2}}},"9":{"name":"setFeeCaps","line":197,"loc":{"start":{"line":197,"column":2},"end":{"line":203,"column":2}}},"10":{"name":"setFeeConfig","line":205,"loc":{"start":{"line":205,"column":2},"end":{"line":216,"column":2}}},"11":{"name":"setApprovalLeadTime","line":219,"loc":{"start":{"line":219,"column":2},"end":{"line":219,"column":85}}},"12":{"name":"rescueNative","line":391,"loc":{"start":{"line":391,"column":2},"end":{"line":395,"column":2}}},"13":{"name":"pauseChallenge","line":397,"loc":{"start":{"line":397,"column":2},"end":{"line":402,"column":2}}},"14":{"name":"cancelChallenge","line":404,"loc":{"start":{"line":404,"column":2},"end":{"line":417,"column":2}}},"15":{"name":"getChallenge","line":422,"loc":{"start":{"line":422,"column":2},"end":{"line":453,"column":2}}},"16":{"name":"nextChallengeIdView","line":455,"loc":{"start":{"line":455,"column":2},"end":{"line":455,"column":91}}},"17":{"name":"getSnapshot","line":457,"loc":{"start":{"line":457,"column":2},"end":{"line":476,"column":2}}},"18":{"name":"contribOf","line":478,"loc":{"start":{"line":478,"column":2},"end":{"line":482,"column":2}}},"19":{"name":"createChallenge","line":507,"loc":{"start":{"line":504,"column":2},"end":{"line":549,"column":2}}},"20":{"name":"approveChallenge","line":554,"loc":{"start":{"line":554,"column":2},"end":{"line":595,"column":2}}},"21":{"name":"peerVote","line":600,"loc":{"start":{"line":600,"column":2},"end":{"line":616,"column":2}}},"22":{"name":"joinChallenge","line":621,"loc":{"start":{"line":621,"column":2},"end":{"line":633,"column":2}}},"23":{"name":"betOn","line":635,"loc":{"start":{"line":635,"column":2},"end":{"line":653,"column":2}}},"24":{"name":"submitProof","line":658,"loc":{"start":{"line":658,"column":2},"end":{"line":665,"column":2}}},"25":{"name":"finalize","line":670,"loc":{"start":{"line":670,"column":2},"end":{"line":707,"column":2}}},"26":{"name":"_snapshotAndFreeze","line":710,"loc":{"start":{"line":710,"column":2},"end":{"line":791,"column":2}}},"27":{"name":"claimWinner","line":796,"loc":{"start":{"line":796,"column":0},"end":{"line":814,"column":0}}},"28":{"name":"claimLoserCashback","line":816,"loc":{"start":{"line":816,"column":0},"end":{"line":834,"column":0}}},"29":{"name":"_claimValidatorReward","line":841,"loc":{"start":{"line":841,"column":0},"end":{"line":858,"column":0}}},"30":{"name":"claimValidatorReward","line":860,"loc":{"start":{"line":860,"column":0},"end":{"line":862,"column":0}}},"31":{"name":"_claimValidatorReject","line":869,"loc":{"start":{"line":869,"column":0},"end":{"line":881,"column":0}}},"32":{"name":"claimValidatorReject","line":883,"loc":{"start":{"line":883,"column":0},"end":{"line":885,"column":0}}},"33":{"name":"claimValidator","line":888,"loc":{"start":{"line":888,"column":0},"end":{"line":894,"column":0}}},"34":{"name":"_addSuccess","line":899,"loc":{"start":{"line":899,"column":2},"end":{"line":902,"column":2}}},"35":{"name":"_addFail","line":904,"loc":{"start":{"line":904,"column":2},"end":{"line":907,"column":2}}},"36":{"name":"_markParticipant","line":909,"loc":{"start":{"line":909,"column":2},"end":{"line":914,"column":2}}},"37":{"name":"_enforceParticipantCap","line":916,"loc":{"start":{"line":916,"column":2},"end":{"line":922,"column":2}}},"38":{"name":"_unlockValidatorVotes","line":924,"loc":{"start":{"line":924,"column":2},"end":{"line":930,"column":2}}},"39":{"name":"_refundNotApproved","line":933,"loc":{"start":{"line":933,"column":2},"end":{"line":988,"column":2}}},"40":{"name":"_pay","line":990,"loc":{"start":{"line":990,"column":2},"end":{"line":994,"column":2}}},"41":{"name":"hasSnapshot","line":999,"loc":{"start":{"line":999,"column":2},"end":{"line":1001,"column":2}}},"42":{"name":"getRejectPerValidatorAmt","line":1003,"loc":{"start":{"line":1003,"column":2},"end":{"line":1005,"column":2}}},"43":{"name":"getValidatorClaimInfo","line":1009,"loc":{"start":{"line":1009,"column":2},"end":{"line":1044,"column":2}}}},"statementMap":{"1":{"start":{"line":64,"column":4},"end":{"line":64,"column":46}},"2":{"start":{"line":124,"column":4},"end":{"line":124,"column":87}},"3":{"start":{"line":125,"column":4},"end":{"line":125,"column":62}},"4":{"start":{"line":131,"column":4},"end":{"line":131,"column":79}},"5":{"start":{"line":135,"column":4},"end":{"line":135,"column":43}},"6":{"start":{"line":136,"column":4},"end":{"line":136,"column":55}},"7":{"start":{"line":139,"column":4},"end":{"line":139,"column":55}},"8":{"start":{"line":140,"column":4},"end":{"line":140,"column":47}},"9":{"start":{"line":144,"column":4},"end":{"line":144,"column":40}},"10":{"start":{"line":145,"column":4},"end":{"line":145,"column":60}},"11":{"start":{"line":146,"column":4},"end":{"line":146,"column":43}},"12":{"start":{"line":147,"column":4},"end":{"line":147,"column":44}},"13":{"start":{"line":154,"column":4},"end":{"line":154,"column":90}},"14":{"start":{"line":158,"column":4},"end":{"line":158,"column":44}},"15":{"start":{"line":159,"column":4},"end":{"line":159,"column":37}},"16":{"start":{"line":160,"column":4},"end":{"line":160,"column":89}},"17":{"start":{"line":164,"column":4},"end":{"line":164,"column":58}},"18":{"start":{"line":165,"column":4},"end":{"line":165,"column":38}},"19":{"start":{"line":166,"column":4},"end":{"line":166,"column":43}},"20":{"start":{"line":198,"column":4},"end":{"line":198,"column":54}},"21":{"start":{"line":199,"column":4},"end":{"line":199,"column":52}},"22":{"start":{"line":200,"column":4},"end":{"line":200,"column":58}},"23":{"start":{"line":202,"column":4},"end":{"line":202,"column":87}},"24":{"start":{"line":206,"column":4},"end":{"line":206,"column":71}},"25":{"start":{"line":207,"column":4},"end":{"line":207,"column":99}},"26":{"start":{"line":208,"column":4},"end":{"line":208,"column":51}},"27":{"start":{"line":209,"column":4},"end":{"line":209,"column":93}},"28":{"start":{"line":210,"column":4},"end":{"line":210,"column":77}},"29":{"start":{"line":212,"column":4},"end":{"line":212,"column":7797}},"30":{"start":{"line":392,"column":4},"end":{"line":392,"column":36}},"31":{"start":{"line":393,"column":4},"end":{"line":393,"column":44}},"32":{"start":{"line":394,"column":4},"end":{"line":394,"column":38}},"33":{"start":{"line":398,"column":4},"end":{"line":398,"column":40}},"34":{"start":{"line":399,"column":4},"end":{"line":399,"column":89}},"35":{"start":{"line":401,"column":4},"end":{"line":401,"column":22}},"36":{"start":{"line":405,"column":4},"end":{"line":405,"column":40}},"37":{"start":{"line":406,"column":4},"end":{"line":406,"column":76}},"38":{"start":{"line":407,"column":4},"end":{"line":407,"column":55}},"39":{"start":{"line":408,"column":4},"end":{"line":408,"column":44}},"40":{"start":{"line":414,"column":4},"end":{"line":414,"column":27}},"41":{"start":{"line":415,"column":4},"end":{"line":415,"column":24}},"42":{"start":{"line":416,"column":4},"end":{"line":416,"column":21}},"43":{"start":{"line":423,"column":4},"end":{"line":423,"column":40}},"44":{"start":{"line":455,"column":67},"end":{"line":455,"column":89}},"45":{"start":{"line":458,"column":4},"end":{"line":458,"column":38}},"46":{"start":{"line":479,"column":4},"end":{"line":479,"column":40}},"47":{"start":{"line":510,"column":4},"end":{"line":510,"column":69}},"48":{"start":{"line":511,"column":4},"end":{"line":511,"column":74}},"49":{"start":{"line":512,"column":4},"end":{"line":512,"column":78}},"50":{"start":{"line":513,"column":4},"end":{"line":513,"column":77}},"51":{"start":{"line":514,"column":4},"end":{"line":514,"column":72}},"52":{"start":{"line":516,"column":4},"end":{"line":516,"column":61}},"53":{"start":{"line":517,"column":4},"end":{"line":517,"column":53}},"54":{"start":{"line":518,"column":4},"end":{"line":518,"column":53}},"55":{"start":{"line":521,"column":4},"end":{"line":521,"column":40}},"56":{"start":{"line":541,"column":4},"end":{"line":541,"column":19499}},"57":{"start":{"line":543,"column":6},"end":{"line":543,"column":46}},"58":{"start":{"line":544,"column":6},"end":{"line":544,"column":36}},"59":{"start":{"line":547,"column":4},"end":{"line":547,"column":60}},"60":{"start":{"line":548,"column":4},"end":{"line":548,"column":81}},"61":{"start":{"line":548,"column":28},"end":{"line":548,"column":81}},"62":{"start":{"line":555,"column":4},"end":{"line":555,"column":42}},"63":{"start":{"line":556,"column":4},"end":{"line":556,"column":52}},"64":{"start":{"line":558,"column":4},"end":{"line":558,"column":40}},"65":{"start":{"line":559,"column":4},"end":{"line":559,"column":57}},"66":{"start":{"line":560,"column":4},"end":{"line":560,"column":55}},"67":{"start":{"line":561,"column":4},"end":{"line":561,"column":69}},"68":{"start":{"line":562,"column":4},"end":{"line":562,"column":50}},"69":{"start":{"line":566,"column":4},"end":{"line":566,"column":28}},"70":{"start":{"line":570,"column":4},"end":{"line":570,"column":51}},"71":{"start":{"line":572,"column":4},"end":{"line":572,"column":20649}},"72":{"start":{"line":573,"column":6},"end":{"line":573,"column":83}},"73":{"start":{"line":575,"column":6},"end":{"line":575,"column":83}},"74":{"start":{"line":578,"column":4},"end":{"line":578,"column":20854}},"75":{"start":{"line":579,"column":6},"end":{"line":579,"column":81}},"76":{"start":{"line":580,"column":6},"end":{"line":580,"column":20976}},"77":{"start":{"line":581,"column":8},"end":{"line":581,"column":69}},"78":{"start":{"line":582,"column":8},"end":{"line":582,"column":69}},"79":{"start":{"line":583,"column":8},"end":{"line":583,"column":21145}},"80":{"start":{"line":585,"column":10},"end":{"line":585,"column":33}},"81":{"start":{"line":586,"column":10},"end":{"line":586,"column":39}},"82":{"start":{"line":587,"column":15},"end":{"line":587,"column":21313}},"83":{"start":{"line":590,"column":10},"end":{"line":590,"column":33}},"84":{"start":{"line":591,"column":10},"end":{"line":591,"column":39}},"85":{"start":{"line":601,"column":4},"end":{"line":601,"column":40}},"86":{"start":{"line":602,"column":4},"end":{"line":602,"column":55}},"87":{"start":{"line":603,"column":4},"end":{"line":603,"column":59}},"88":{"start":{"line":604,"column":4},"end":{"line":604,"column":56}},"89":{"start":{"line":606,"column":4},"end":{"line":606,"column":25}},"90":{"start":{"line":607,"column":4},"end":{"line":607,"column":22027}},"91":{"start":{"line":608,"column":6},"end":{"line":608,"column":62}},"92":{"start":{"line":610,"column":4},"end":{"line":610,"column":32}},"93":{"start":{"line":611,"column":4},"end":{"line":611,"column":53}},"94":{"start":{"line":614,"column":4},"end":{"line":614,"column":62}},"95":{"start":{"line":615,"column":4},"end":{"line":615,"column":40}},"96":{"start":{"line":622,"column":4},"end":{"line":622,"column":40}},"97":{"start":{"line":623,"column":4},"end":{"line":623,"column":57}},"98":{"start":{"line":624,"column":4},"end":{"line":624,"column":57}},"99":{"start":{"line":625,"column":4},"end":{"line":625,"column":63}},"100":{"start":{"line":626,"column":4},"end":{"line":626,"column":46}},"101":{"start":{"line":628,"column":4},"end":{"line":628,"column":40}},"102":{"start":{"line":631,"column":4},"end":{"line":631,"column":40}},"103":{"start":{"line":632,"column":4},"end":{"line":632,"column":42}},"104":{"start":{"line":636,"column":4},"end":{"line":636,"column":94}},"105":{"start":{"line":637,"column":4},"end":{"line":637,"column":40}},"106":{"start":{"line":638,"column":4},"end":{"line":638,"column":57}},"107":{"start":{"line":639,"column":4},"end":{"line":639,"column":57}},"108":{"start":{"line":640,"column":4},"end":{"line":640,"column":63}},"109":{"start":{"line":641,"column":4},"end":{"line":641,"column":46}},"110":{"start":{"line":643,"column":4},"end":{"line":643,"column":40}},"111":{"start":{"line":645,"column":4},"end":{"line":645,"column":23566}},"112":{"start":{"line":647,"column":6},"end":{"line":647,"column":42}},"113":{"start":{"line":650,"column":6},"end":{"line":650,"column":39}},"114":{"start":{"line":652,"column":4},"end":{"line":652,"column":54}},"115":{"start":{"line":659,"column":4},"end":{"line":659,"column":40}},"116":{"start":{"line":660,"column":4},"end":{"line":660,"column":46}},"117":{"start":{"line":661,"column":4},"end":{"line":661,"column":54}},"118":{"start":{"line":662,"column":4},"end":{"line":662,"column":72}},"119":{"start":{"line":664,"column":4},"end":{"line":664,"column":43}},"120":{"start":{"line":671,"column":4},"end":{"line":671,"column":40}},"121":{"start":{"line":672,"column":4},"end":{"line":672,"column":24718}},"122":{"start":{"line":673,"column":6},"end":{"line":673,"column":72}},"123":{"start":{"line":676,"column":6},"end":{"line":676,"column":29}},"124":{"start":{"line":677,"column":6},"end":{"line":677,"column":26}},"125":{"start":{"line":678,"column":6},"end":{"line":678,"column":59}},"126":{"start":{"line":679,"column":6},"end":{"line":679,"column":12}},"127":{"start":{"line":682,"column":4},"end":{"line":682,"column":25039}},"128":{"start":{"line":683,"column":6},"end":{"line":683,"column":25082}},"129":{"start":{"line":685,"column":8},"end":{"line":685,"column":31}},"130":{"start":{"line":686,"column":8},"end":{"line":686,"column":28}},"131":{"start":{"line":689,"column":8},"end":{"line":689,"column":28}},"132":{"start":{"line":691,"column":6},"end":{"line":691,"column":59}},"133":{"start":{"line":692,"column":6},"end":{"line":692,"column":12}},"134":{"start":{"line":696,"column":4},"end":{"line":696,"column":25459}},"135":{"start":{"line":697,"column":6},"end":{"line":697,"column":71}},"136":{"start":{"line":699,"column":4},"end":{"line":699,"column":25575}},"137":{"start":{"line":700,"column":6},"end":{"line":700,"column":44}},"138":{"start":{"line":705,"column":4},"end":{"line":705,"column":24}},"139":{"start":{"line":706,"column":4},"end":{"line":706,"column":57}},"140":{"start":{"line":711,"column":4},"end":{"line":711,"column":41}},"141":{"start":{"line":714,"column":4},"end":{"line":714,"column":49}},"142":{"start":{"line":715,"column":4},"end":{"line":715,"column":62}},"143":{"start":{"line":716,"column":4},"end":{"line":716,"column":64}},"144":{"start":{"line":719,"column":4},"end":{"line":719,"column":78}},"145":{"start":{"line":720,"column":4},"end":{"line":720,"column":60}},"146":{"start":{"line":722,"column":4},"end":{"line":722,"column":70}},"147":{"start":{"line":723,"column":4},"end":{"line":723,"column":80}},"148":{"start":{"line":724,"column":4},"end":{"line":724,"column":74}},"149":{"start":{"line":725,"column":4},"end":{"line":725,"column":78}},"150":{"start":{"line":726,"column":4},"end":{"line":726,"column":84}},"151":{"start":{"line":727,"column":4},"end":{"line":727,"column":81}},"152":{"start":{"line":729,"column":4},"end":{"line":729,"column":71}},"153":{"start":{"line":732,"column":4},"end":{"line":732,"column":66}},"154":{"start":{"line":735,"column":4},"end":{"line":735,"column":19}},"155":{"start":{"line":736,"column":4},"end":{"line":736,"column":27088}},"156":{"start":{"line":737,"column":6},"end":{"line":737,"column":29}},"157":{"start":{"line":738,"column":6},"end":{"line":738,"column":29}},"158":{"start":{"line":739,"column":6},"end":{"line":739,"column":27202}},"159":{"start":{"line":745,"column":4},"end":{"line":745,"column":40}},"160":{"start":{"line":760,"column":4},"end":{"line":760,"column":27800}},"161":{"start":{"line":765,"column":4},"end":{"line":765,"column":27960}},"162":{"start":{"line":770,"column":4},"end":{"line":770,"column":28122}},"163":{"start":{"line":777,"column":4},"end":{"line":777,"column":55}},"164":{"start":{"line":777,"column":20},"end":{"line":777,"column":54}},"165":{"start":{"line":778,"column":4},"end":{"line":778,"column":54}},"166":{"start":{"line":778,"column":24},"end":{"line":778,"column":53}},"167":{"start":{"line":779,"column":4},"end":{"line":779,"column":78}},"168":{"start":{"line":779,"column":51},"end":{"line":779,"column":77}},"169":{"start":{"line":781,"column":4},"end":{"line":781,"column":85}},"170":{"start":{"line":782,"column":4},"end":{"line":782,"column":56}},"171":{"start":{"line":790,"column":4},"end":{"line":790,"column":27}},"172":{"start":{"line":797,"column":4},"end":{"line":797,"column":38}},"173":{"start":{"line":798,"column":4},"end":{"line":798,"column":39}},"174":{"start":{"line":800,"column":4},"end":{"line":800,"column":40}},"175":{"start":{"line":801,"column":4},"end":{"line":801,"column":28}},"176":{"start":{"line":803,"column":4},"end":{"line":803,"column":90}},"177":{"start":{"line":804,"column":4},"end":{"line":804,"column":44}},"178":{"start":{"line":805,"column":4},"end":{"line":805,"column":60}},"179":{"start":{"line":808,"column":4},"end":{"line":808,"column":27}},"180":{"start":{"line":809,"column":4},"end":{"line":809,"column":29510}},"181":{"start":{"line":812,"column":4},"end":{"line":812,"column":24}},"182":{"start":{"line":813,"column":4},"end":{"line":813,"column":43}},"183":{"start":{"line":817,"column":4},"end":{"line":817,"column":38}},"184":{"start":{"line":818,"column":4},"end":{"line":818,"column":39}},"185":{"start":{"line":820,"column":4},"end":{"line":820,"column":40}},"186":{"start":{"line":821,"column":4},"end":{"line":821,"column":28}},"187":{"start":{"line":823,"column":4},"end":{"line":823,"column":90}},"188":{"start":{"line":824,"column":4},"end":{"line":824,"column":44}},"189":{"start":{"line":825,"column":4},"end":{"line":825,"column":67}},"190":{"start":{"line":828,"column":4},"end":{"line":828,"column":19}},"191":{"start":{"line":829,"column":4},"end":{"line":829,"column":30174}},"192":{"start":{"line":831,"column":8},"end":{"line":831,"column":42}},"193":{"start":{"line":831,"column":21},"end":{"line":831,"column":41}},"194":{"start":{"line":833,"column":4},"end":{"line":833,"column":50}},"195":{"start":{"line":842,"column":4},"end":{"line":842,"column":38}},"196":{"start":{"line":843,"column":4},"end":{"line":843,"column":39}},"197":{"start":{"line":844,"column":4},"end":{"line":844,"column":52}},"198":{"start":{"line":846,"column":4},"end":{"line":846,"column":40}},"199":{"start":{"line":847,"column":4},"end":{"line":847,"column":41}},"200":{"start":{"line":848,"column":4},"end":{"line":848,"column":54}},"201":{"start":{"line":850,"column":4},"end":{"line":850,"column":27}},"202":{"start":{"line":851,"column":4},"end":{"line":851,"column":41}},"203":{"start":{"line":852,"column":4},"end":{"line":852,"column":84}},"204":{"start":{"line":853,"column":4},"end":{"line":853,"column":36}},"205":{"start":{"line":856,"column":4},"end":{"line":856,"column":29}},"206":{"start":{"line":857,"column":4},"end":{"line":857,"column":51}},"207":{"start":{"line":861,"column":4},"end":{"line":861,"column":40}},"208":{"start":{"line":870,"column":4},"end":{"line":870,"column":43}},"209":{"start":{"line":871,"column":4},"end":{"line":871,"column":38}},"210":{"start":{"line":873,"column":4},"end":{"line":873,"column":40}},"211":{"start":{"line":874,"column":4},"end":{"line":874,"column":55}},"212":{"start":{"line":875,"column":4},"end":{"line":875,"column":37}},"213":{"start":{"line":876,"column":4},"end":{"line":876,"column":62}},"214":{"start":{"line":879,"column":4},"end":{"line":879,"column":15}},"215":{"start":{"line":880,"column":4},"end":{"line":880,"column":43}},"216":{"start":{"line":884,"column":4},"end":{"line":884,"column":40}},"217":{"start":{"line":889,"column":4},"end":{"line":889,"column":32334}},"218":{"start":{"line":890,"column":8},"end":{"line":890,"column":44}},"219":{"start":{"line":892,"column":8},"end":{"line":892,"column":44}},"220":{"start":{"line":900,"column":4},"end":{"line":900,"column":81}},"221":{"start":{"line":900,"column":54},"end":{"line":900,"column":78}},"222":{"start":{"line":905,"column":4},"end":{"line":905,"column":72}},"223":{"start":{"line":905,"column":48},"end":{"line":905,"column":69}},"224":{"start":{"line":910,"column":4},"end":{"line":910,"column":33119}},"225":{"start":{"line":917,"column":4},"end":{"line":917,"column":33307}},"226":{"start":{"line":918,"column":6},"end":{"line":918,"column":108}},"227":{"start":{"line":925,"column":4},"end":{"line":925,"column":33593}},"228":{"start":{"line":926,"column":6},"end":{"line":926,"column":29}},"229":{"start":{"line":927,"column":6},"end":{"line":927,"column":45}},"230":{"start":{"line":935,"column":4},"end":{"line":935,"column":59}},"231":{"start":{"line":936,"column":4},"end":{"line":936,"column":86}},"232":{"start":{"line":938,"column":4},"end":{"line":938,"column":34097}},"233":{"start":{"line":939,"column":6},"end":{"line":939,"column":38}},"234":{"start":{"line":940,"column":6},"end":{"line":940,"column":39}},"235":{"start":{"line":941,"column":6},"end":{"line":941,"column":34243}},"236":{"start":{"line":942,"column":8},"end":{"line":942,"column":55}},"237":{"start":{"line":942,"column":32},"end":{"line":942,"column":54}},"238":{"start":{"line":943,"column":13},"end":{"line":943,"column":34338}},"239":{"start":{"line":944,"column":8},"end":{"line":944,"column":19}},"240":{"start":{"line":947,"column":4},"end":{"line":947,"column":34391}},"241":{"start":{"line":948,"column":6},"end":{"line":948,"column":35}},"242":{"start":{"line":949,"column":6},"end":{"line":949,"column":36}},"243":{"start":{"line":950,"column":6},"end":{"line":950,"column":31}},"244":{"start":{"line":950,"column":19},"end":{"line":950,"column":30}},"245":{"start":{"line":954,"column":4},"end":{"line":954,"column":43}},"246":{"start":{"line":955,"column":4},"end":{"line":955,"column":59}},"247":{"start":{"line":956,"column":4},"end":{"line":956,"column":59}},"248":{"start":{"line":957,"column":4},"end":{"line":957,"column":72}},"249":{"start":{"line":958,"column":4},"end":{"line":958,"column":55}},"250":{"start":{"line":961,"column":4},"end":{"line":961,"column":36}},"251":{"start":{"line":962,"column":4},"end":{"line":962,"column":35004}},"252":{"start":{"line":963,"column":6},"end":{"line":963,"column":35034}},"253":{"start":{"line":964,"column":8},"end":{"line":964,"column":46}},"254":{"start":{"line":966,"column":8},"end":{"line":966,"column":41}},"255":{"start":{"line":967,"column":8},"end":{"line":967,"column":47}},"256":{"start":{"line":968,"column":8},"end":{"line":968,"column":35219}},"257":{"start":{"line":971,"column":8},"end":{"line":971,"column":35297}},"258":{"start":{"line":972,"column":10},"end":{"line":972,"column":41}},"259":{"start":{"line":977,"column":4},"end":{"line":977,"column":49}},"260":{"start":{"line":977,"column":17},"end":{"line":977,"column":48}},"261":{"start":{"line":979,"column":4},"end":{"line":979,"column":35}},"262":{"start":{"line":980,"column":4},"end":{"line":980,"column":54}},"263":{"start":{"line":980,"column":24},"end":{"line":980,"column":53}},"264":{"start":{"line":991,"column":4},"end":{"line":991,"column":27}},"265":{"start":{"line":991,"column":21},"end":{"line":991,"column":27}},"266":{"start":{"line":992,"column":4},"end":{"line":992,"column":53}},"267":{"start":{"line":993,"column":4},"end":{"line":993,"column":38}},"268":{"start":{"line":1000,"column":4},"end":{"line":1000,"column":28}},"269":{"start":{"line":1004,"column":4},"end":{"line":1004,"column":36}},"270":{"start":{"line":1023,"column":4},"end":{"line":1023,"column":40}},"271":{"start":{"line":1024,"column":4},"end":{"line":1024,"column":38}},"272":{"start":{"line":1030,"column":4},"end":{"line":1030,"column":36985}},"273":{"start":{"line":1031,"column":6},"end":{"line":1031,"column":29}},"274":{"start":{"line":1032,"column":6},"end":{"line":1032,"column":43}}},"branchMap":{"1":{"line":64,"type":"if","locations":[{"start":{"line":64,"column":4},"end":{"line":64,"column":4}},{"start":{"line":64,"column":4},"end":{"line":64,"column":4}}]},"2":{"line":96,"type":"if","locations":[{"start":{"line":96,"column":40},"end":{"line":96,"column":40}},{"start":{"line":96,"column":40},"end":{"line":96,"column":40}}]},"3":{"line":97,"type":"if","locations":[{"start":{"line":97,"column":46},"end":{"line":97,"column":46}},{"start":{"line":97,"column":46},"end":{"line":97,"column":46}}]},"4":{"line":123,"type":"if","locations":[{"start":{"line":123,"column":13},"end":{"line":123,"column":13}},{"start":{"line":123,"column":13},"end":{"line":123,"column":13}}]},"5":{"line":124,"type":"if","locations":[{"start":{"line":124,"column":4},"end":{"line":124,"column":4}},{"start":{"line":124,"column":4},"end":{"line":124,"column":4}}]},"6":{"line":124,"type":"cond-expr","locations":[{"start":{"line":124,"column":8},"end":{"line":124,"column":25}},{"start":{"line":124,"column":30},"end":{"line":124,"column":51}}]},"7":{"line":125,"type":"if","locations":[{"start":{"line":125,"column":4},"end":{"line":125,"column":4}},{"start":{"line":125,"column":4},"end":{"line":125,"column":4}}]},"8":{"line":134,"type":"if","locations":[{"start":{"line":134,"column":45},"end":{"line":134,"column":45}},{"start":{"line":134,"column":45},"end":{"line":134,"column":45}}]},"9":{"line":135,"type":"if","locations":[{"start":{"line":135,"column":4},"end":{"line":135,"column":4}},{"start":{"line":135,"column":4},"end":{"line":135,"column":4}}]},"10":{"line":139,"type":"if","locations":[{"start":{"line":139,"column":4},"end":{"line":139,"column":4}},{"start":{"line":139,"column":4},"end":{"line":139,"column":4}}]},"11":{"line":143,"type":"if","locations":[{"start":{"line":143,"column":51},"end":{"line":143,"column":51}},{"start":{"line":143,"column":51},"end":{"line":143,"column":51}}]},"12":{"line":144,"type":"if","locations":[{"start":{"line":144,"column":4},"end":{"line":144,"column":4}},{"start":{"line":144,"column":4},"end":{"line":144,"column":4}}]},"13":{"line":145,"type":"if","locations":[{"start":{"line":145,"column":4},"end":{"line":145,"column":4}},{"start":{"line":145,"column":4},"end":{"line":145,"column":4}}]},"14":{"line":147,"type":"if","locations":[{"start":{"line":147,"column":4},"end":{"line":147,"column":4}},{"start":{"line":147,"column":4},"end":{"line":147,"column":4}}]},"15":{"line":157,"type":"if","locations":[{"start":{"line":157,"column":39},"end":{"line":157,"column":39}},{"start":{"line":157,"column":39},"end":{"line":157,"column":39}}]},"16":{"line":159,"type":"if","locations":[{"start":{"line":159,"column":4},"end":{"line":159,"column":4}},{"start":{"line":159,"column":4},"end":{"line":159,"column":4}}]},"17":{"line":160,"type":"if","locations":[{"start":{"line":160,"column":4},"end":{"line":160,"column":4}},{"start":{"line":160,"column":4},"end":{"line":160,"column":4}}]},"18":{"line":165,"type":"if","locations":[{"start":{"line":165,"column":4},"end":{"line":165,"column":4}},{"start":{"line":165,"column":4},"end":{"line":165,"column":4}}]},"19":{"line":197,"type":"if","locations":[{"start":{"line":197,"column":54},"end":{"line":197,"column":54}},{"start":{"line":197,"column":54},"end":{"line":197,"column":54}}]},"20":{"line":198,"type":"if","locations":[{"start":{"line":198,"column":4},"end":{"line":198,"column":4}},{"start":{"line":198,"column":4},"end":{"line":198,"column":4}}]},"21":{"line":199,"type":"if","locations":[{"start":{"line":199,"column":4},"end":{"line":199,"column":4}},{"start":{"line":199,"column":4},"end":{"line":199,"column":4}}]},"22":{"line":200,"type":"if","locations":[{"start":{"line":200,"column":4},"end":{"line":200,"column":4}},{"start":{"line":200,"column":4},"end":{"line":200,"column":4}}]},"23":{"line":205,"type":"if","locations":[{"start":{"line":205,"column":55},"end":{"line":205,"column":55}},{"start":{"line":205,"column":55},"end":{"line":205,"column":55}}]},"24":{"line":206,"type":"if","locations":[{"start":{"line":206,"column":4},"end":{"line":206,"column":4}},{"start":{"line":206,"column":4},"end":{"line":206,"column":4}}]},"25":{"line":207,"type":"if","locations":[{"start":{"line":207,"column":4},"end":{"line":207,"column":4}},{"start":{"line":207,"column":4},"end":{"line":207,"column":4}}]},"26":{"line":208,"type":"if","locations":[{"start":{"line":208,"column":4},"end":{"line":208,"column":4}},{"start":{"line":208,"column":4},"end":{"line":208,"column":4}}]},"27":{"line":209,"type":"if","locations":[{"start":{"line":209,"column":4},"end":{"line":209,"column":4}},{"start":{"line":209,"column":4},"end":{"line":209,"column":4}}]},"28":{"line":210,"type":"if","locations":[{"start":{"line":210,"column":4},"end":{"line":210,"column":4}},{"start":{"line":210,"column":4},"end":{"line":210,"column":4}}]},"29":{"line":219,"type":"if","locations":[{"start":{"line":219,"column":51},"end":{"line":219,"column":51}},{"start":{"line":219,"column":51},"end":{"line":219,"column":51}}]},"30":{"line":391,"type":"if","locations":[{"start":{"line":391,"column":69},"end":{"line":391,"column":69}},{"start":{"line":391,"column":69},"end":{"line":391,"column":69}}]},"31":{"line":391,"type":"if","locations":[{"start":{"line":391,"column":79},"end":{"line":391,"column":79}},{"start":{"line":391,"column":79},"end":{"line":391,"column":79}}]},"32":{"line":392,"type":"if","locations":[{"start":{"line":392,"column":4},"end":{"line":392,"column":4}},{"start":{"line":392,"column":4},"end":{"line":392,"column":4}}]},"33":{"line":394,"type":"if","locations":[{"start":{"line":394,"column":4},"end":{"line":394,"column":4}},{"start":{"line":394,"column":4},"end":{"line":394,"column":4}}]},"34":{"line":397,"type":"if","locations":[{"start":{"line":397,"column":55},"end":{"line":397,"column":55}},{"start":{"line":397,"column":55},"end":{"line":397,"column":55}}]},"35":{"line":399,"type":"if","locations":[{"start":{"line":399,"column":4},"end":{"line":399,"column":4}},{"start":{"line":399,"column":4},"end":{"line":399,"column":4}}]},"36":{"line":404,"type":"if","locations":[{"start":{"line":404,"column":48},"end":{"line":404,"column":48}},{"start":{"line":404,"column":48},"end":{"line":404,"column":48}}]},"37":{"line":406,"type":"if","locations":[{"start":{"line":406,"column":4},"end":{"line":406,"column":4}},{"start":{"line":406,"column":4},"end":{"line":406,"column":4}}]},"38":{"line":407,"type":"if","locations":[{"start":{"line":407,"column":4},"end":{"line":407,"column":4}},{"start":{"line":407,"column":4},"end":{"line":407,"column":4}}]},"39":{"line":408,"type":"if","locations":[{"start":{"line":408,"column":4},"end":{"line":408,"column":4}},{"start":{"line":408,"column":4},"end":{"line":408,"column":4}}]},"40":{"line":507,"type":"if","locations":[{"start":{"line":507,"column":4},"end":{"line":507,"column":4}},{"start":{"line":507,"column":4},"end":{"line":507,"column":4}}]},"41":{"line":510,"type":"if","locations":[{"start":{"line":510,"column":4},"end":{"line":510,"column":4}},{"start":{"line":510,"column":4},"end":{"line":510,"column":4}}]},"42":{"line":511,"type":"if","locations":[{"start":{"line":511,"column":4},"end":{"line":511,"column":4}},{"start":{"line":511,"column":4},"end":{"line":511,"column":4}}]},"43":{"line":512,"type":"if","locations":[{"start":{"line":512,"column":4},"end":{"line":512,"column":4}},{"start":{"line":512,"column":4},"end":{"line":512,"column":4}}]},"44":{"line":513,"type":"if","locations":[{"start":{"line":513,"column":4},"end":{"line":513,"column":4}},{"start":{"line":513,"column":4},"end":{"line":513,"column":4}}]},"45":{"line":514,"type":"if","locations":[{"start":{"line":514,"column":4},"end":{"line":514,"column":4}},{"start":{"line":514,"column":4},"end":{"line":514,"column":4}}]},"46":{"line":516,"type":"if","locations":[{"start":{"line":516,"column":4},"end":{"line":516,"column":4}},{"start":{"line":516,"column":4},"end":{"line":516,"column":4}}]},"47":{"line":518,"type":"if","locations":[{"start":{"line":518,"column":4},"end":{"line":518,"column":4}},{"start":{"line":518,"column":4},"end":{"line":518,"column":4}}]},"48":{"line":541,"type":"if","locations":[{"start":{"line":541,"column":4},"end":{"line":541,"column":4}},{"start":{"line":541,"column":4},"end":{"line":541,"column":4}}]},"49":{"line":548,"type":"if","locations":[{"start":{"line":548,"column":4},"end":{"line":548,"column":4}},{"start":{"line":548,"column":4},"end":{"line":548,"column":4}}]},"50":{"line":556,"type":"if","locations":[{"start":{"line":556,"column":4},"end":{"line":556,"column":4}},{"start":{"line":556,"column":4},"end":{"line":556,"column":4}}]},"51":{"line":559,"type":"if","locations":[{"start":{"line":559,"column":4},"end":{"line":559,"column":4}},{"start":{"line":559,"column":4},"end":{"line":559,"column":4}}]},"52":{"line":559,"type":"cond-expr","locations":[{"start":{"line":559,"column":8},"end":{"line":559,"column":15}},{"start":{"line":559,"column":20},"end":{"line":559,"column":29}}]},"53":{"line":560,"type":"if","locations":[{"start":{"line":560,"column":4},"end":{"line":560,"column":4}},{"start":{"line":560,"column":4},"end":{"line":560,"column":4}}]},"54":{"line":561,"type":"if","locations":[{"start":{"line":561,"column":4},"end":{"line":561,"column":4}},{"start":{"line":561,"column":4},"end":{"line":561,"column":4}}]},"55":{"line":562,"type":"if","locations":[{"start":{"line":562,"column":4},"end":{"line":562,"column":4}},{"start":{"line":562,"column":4},"end":{"line":562,"column":4}}]},"56":{"line":570,"type":"if","locations":[{"start":{"line":570,"column":4},"end":{"line":570,"column":4}},{"start":{"line":570,"column":4},"end":{"line":570,"column":4}}]},"57":{"line":572,"type":"if","locations":[{"start":{"line":572,"column":4},"end":{"line":572,"column":4}},{"start":{"line":572,"column":4},"end":{"line":572,"column":4}}]},"58":{"line":578,"type":"if","locations":[{"start":{"line":578,"column":4},"end":{"line":578,"column":4}},{"start":{"line":578,"column":4},"end":{"line":578,"column":4}}]},"59":{"line":580,"type":"if","locations":[{"start":{"line":580,"column":6},"end":{"line":580,"column":6}},{"start":{"line":580,"column":6},"end":{"line":580,"column":6}}]},"60":{"line":583,"type":"if","locations":[{"start":{"line":583,"column":8},"end":{"line":583,"column":8}},{"start":{"line":583,"column":8},"end":{"line":583,"column":8}}]},"61":{"line":587,"type":"if","locations":[{"start":{"line":587,"column":15},"end":{"line":587,"column":15}},{"start":{"line":587,"column":15},"end":{"line":587,"column":15}}]},"62":{"line":602,"type":"if","locations":[{"start":{"line":602,"column":4},"end":{"line":602,"column":4}},{"start":{"line":602,"column":4},"end":{"line":602,"column":4}}]},"63":{"line":603,"type":"if","locations":[{"start":{"line":603,"column":4},"end":{"line":603,"column":4}},{"start":{"line":603,"column":4},"end":{"line":603,"column":4}}]},"64":{"line":604,"type":"if","locations":[{"start":{"line":604,"column":4},"end":{"line":604,"column":4}},{"start":{"line":604,"column":4},"end":{"line":604,"column":4}}]},"65":{"line":608,"type":"if","locations":[{"start":{"line":608,"column":6},"end":{"line":608,"column":6}},{"start":{"line":608,"column":6},"end":{"line":608,"column":6}}]},"66":{"line":610,"type":"if","locations":[{"start":{"line":610,"column":4},"end":{"line":610,"column":4}},{"start":{"line":610,"column":4},"end":{"line":610,"column":4}}]},"67":{"line":611,"type":"if","locations":[{"start":{"line":611,"column":4},"end":{"line":611,"column":4}},{"start":{"line":611,"column":4},"end":{"line":611,"column":4}}]},"68":{"line":614,"type":"if","locations":[{"start":{"line":614,"column":4},"end":{"line":614,"column":4}},{"start":{"line":614,"column":4},"end":{"line":614,"column":4}}]},"69":{"line":621,"type":"if","locations":[{"start":{"line":621,"column":54},"end":{"line":621,"column":54}},{"start":{"line":621,"column":54},"end":{"line":621,"column":54}}]},"70":{"line":623,"type":"if","locations":[{"start":{"line":623,"column":4},"end":{"line":623,"column":4}},{"start":{"line":623,"column":4},"end":{"line":623,"column":4}}]},"71":{"line":623,"type":"cond-expr","locations":[{"start":{"line":623,"column":8},"end":{"line":623,"column":15}},{"start":{"line":623,"column":20},"end":{"line":623,"column":29}}]},"72":{"line":624,"type":"if","locations":[{"start":{"line":624,"column":4},"end":{"line":624,"column":4}},{"start":{"line":624,"column":4},"end":{"line":624,"column":4}}]},"73":{"line":625,"type":"if","locations":[{"start":{"line":625,"column":4},"end":{"line":625,"column":4}},{"start":{"line":625,"column":4},"end":{"line":625,"column":4}}]},"74":{"line":626,"type":"if","locations":[{"start":{"line":626,"column":4},"end":{"line":626,"column":4}},{"start":{"line":626,"column":4},"end":{"line":626,"column":4}}]},"75":{"line":635,"type":"if","locations":[{"start":{"line":635,"column":61},"end":{"line":635,"column":61}},{"start":{"line":635,"column":61},"end":{"line":635,"column":61}}]},"76":{"line":636,"type":"if","locations":[{"start":{"line":636,"column":4},"end":{"line":636,"column":4}},{"start":{"line":636,"column":4},"end":{"line":636,"column":4}}]},"77":{"line":636,"type":"cond-expr","locations":[{"start":{"line":636,"column":12},"end":{"line":636,"column":44}},{"start":{"line":636,"column":49},"end":{"line":636,"column":78}}]},"78":{"line":638,"type":"if","locations":[{"start":{"line":638,"column":4},"end":{"line":638,"column":4}},{"start":{"line":638,"column":4},"end":{"line":638,"column":4}}]},"79":{"line":638,"type":"cond-expr","locations":[{"start":{"line":638,"column":8},"end":{"line":638,"column":15}},{"start":{"line":638,"column":20},"end":{"line":638,"column":29}}]},"80":{"line":639,"type":"if","locations":[{"start":{"line":639,"column":4},"end":{"line":639,"column":4}},{"start":{"line":639,"column":4},"end":{"line":639,"column":4}}]},"81":{"line":640,"type":"if","locations":[{"start":{"line":640,"column":4},"end":{"line":640,"column":4}},{"start":{"line":640,"column":4},"end":{"line":640,"column":4}}]},"82":{"line":641,"type":"if","locations":[{"start":{"line":641,"column":4},"end":{"line":641,"column":4}},{"start":{"line":641,"column":4},"end":{"line":641,"column":4}}]},"83":{"line":645,"type":"if","locations":[{"start":{"line":645,"column":4},"end":{"line":645,"column":4}},{"start":{"line":645,"column":4},"end":{"line":645,"column":4}}]},"84":{"line":658,"type":"if","locations":[{"start":{"line":658,"column":66},"end":{"line":658,"column":66}},{"start":{"line":658,"column":66},"end":{"line":658,"column":66}}]},"85":{"line":660,"type":"if","locations":[{"start":{"line":660,"column":4},"end":{"line":660,"column":4}},{"start":{"line":660,"column":4},"end":{"line":660,"column":4}}]},"86":{"line":661,"type":"if","locations":[{"start":{"line":661,"column":4},"end":{"line":661,"column":4}},{"start":{"line":661,"column":4},"end":{"line":661,"column":4}}]},"87":{"line":670,"type":"if","locations":[{"start":{"line":670,"column":41},"end":{"line":670,"column":41}},{"start":{"line":670,"column":41},"end":{"line":670,"column":41}}]},"88":{"line":672,"type":"if","locations":[{"start":{"line":672,"column":4},"end":{"line":672,"column":4}},{"start":{"line":672,"column":4},"end":{"line":672,"column":4}}]},"89":{"line":673,"type":"if","locations":[{"start":{"line":673,"column":6},"end":{"line":673,"column":6}},{"start":{"line":673,"column":6},"end":{"line":673,"column":6}}]},"90":{"line":682,"type":"if","locations":[{"start":{"line":682,"column":4},"end":{"line":682,"column":4}},{"start":{"line":682,"column":4},"end":{"line":682,"column":4}}]},"91":{"line":683,"type":"if","locations":[{"start":{"line":683,"column":6},"end":{"line":683,"column":6}},{"start":{"line":683,"column":6},"end":{"line":683,"column":6}}]},"92":{"line":696,"type":"if","locations":[{"start":{"line":696,"column":4},"end":{"line":696,"column":4}},{"start":{"line":696,"column":4},"end":{"line":696,"column":4}}]},"93":{"line":697,"type":"if","locations":[{"start":{"line":697,"column":6},"end":{"line":697,"column":6}},{"start":{"line":697,"column":6},"end":{"line":697,"column":6}}]},"94":{"line":699,"type":"if","locations":[{"start":{"line":699,"column":4},"end":{"line":699,"column":4}},{"start":{"line":699,"column":4},"end":{"line":699,"column":4}}]},"95":{"line":700,"type":"if","locations":[{"start":{"line":700,"column":6},"end":{"line":700,"column":6}},{"start":{"line":700,"column":6},"end":{"line":700,"column":6}}]},"96":{"line":711,"type":"if","locations":[{"start":{"line":711,"column":4},"end":{"line":711,"column":4}},{"start":{"line":711,"column":4},"end":{"line":711,"column":4}}]},"97":{"line":715,"type":"if","locations":[{"start":{"line":715,"column":36},"end":{"line":715,"column":48}},{"start":{"line":715,"column":52},"end":{"line":715,"column":61}}]},"98":{"line":716,"type":"if","locations":[{"start":{"line":716,"column":36},"end":{"line":716,"column":45}},{"start":{"line":716,"column":51},"end":{"line":716,"column":63}}]},"99":{"line":727,"type":"if","locations":[{"start":{"line":727,"column":4},"end":{"line":727,"column":4}},{"start":{"line":727,"column":4},"end":{"line":727,"column":4}}]},"100":{"line":732,"type":"if","locations":[{"start":{"line":732,"column":29},"end":{"line":732,"column":46}},{"start":{"line":732,"column":50},"end":{"line":732,"column":65}}]},"101":{"line":739,"type":"if","locations":[{"start":{"line":739,"column":6},"end":{"line":739,"column":6}},{"start":{"line":739,"column":6},"end":{"line":739,"column":6}}]},"102":{"line":739,"type":"cond-expr","locations":[{"start":{"line":739,"column":10},"end":{"line":739,"column":41}},{"start":{"line":739,"column":46},"end":{"line":739,"column":76}}]},"103":{"line":760,"type":"if","locations":[{"start":{"line":760,"column":4},"end":{"line":760,"column":4}},{"start":{"line":760,"column":4},"end":{"line":760,"column":4}}]},"104":{"line":765,"type":"if","locations":[{"start":{"line":765,"column":4},"end":{"line":765,"column":4}},{"start":{"line":765,"column":4},"end":{"line":765,"column":4}}]},"105":{"line":770,"type":"if","locations":[{"start":{"line":770,"column":4},"end":{"line":770,"column":4}},{"start":{"line":770,"column":4},"end":{"line":770,"column":4}}]},"106":{"line":777,"type":"if","locations":[{"start":{"line":777,"column":4},"end":{"line":777,"column":4}},{"start":{"line":777,"column":4},"end":{"line":777,"column":4}}]},"107":{"line":778,"type":"if","locations":[{"start":{"line":778,"column":4},"end":{"line":778,"column":4}},{"start":{"line":778,"column":4},"end":{"line":778,"column":4}}]},"108":{"line":779,"type":"if","locations":[{"start":{"line":779,"column":4},"end":{"line":779,"column":4}},{"start":{"line":779,"column":4},"end":{"line":779,"column":4}}]},"109":{"line":796,"type":"if","locations":[{"start":{"line":796,"column":42},"end":{"line":796,"column":42}},{"start":{"line":796,"column":42},"end":{"line":796,"column":42}}]},"110":{"line":798,"type":"if","locations":[{"start":{"line":798,"column":4},"end":{"line":798,"column":4}},{"start":{"line":798,"column":4},"end":{"line":798,"column":4}}]},"111":{"line":803,"type":"if","locations":[{"start":{"line":803,"column":34},"end":{"line":803,"column":61}},{"start":{"line":803,"column":65},"end":{"line":803,"column":89}}]},"112":{"line":804,"type":"if","locations":[{"start":{"line":804,"column":4},"end":{"line":804,"column":4}},{"start":{"line":804,"column":4},"end":{"line":804,"column":4}}]},"113":{"line":805,"type":"if","locations":[{"start":{"line":805,"column":4},"end":{"line":805,"column":4}},{"start":{"line":805,"column":4},"end":{"line":805,"column":4}}]},"114":{"line":809,"type":"if","locations":[{"start":{"line":809,"column":4},"end":{"line":809,"column":4}},{"start":{"line":809,"column":4},"end":{"line":809,"column":4}}]},"115":{"line":816,"type":"if","locations":[{"start":{"line":816,"column":49},"end":{"line":816,"column":49}},{"start":{"line":816,"column":49},"end":{"line":816,"column":49}}]},"116":{"line":818,"type":"if","locations":[{"start":{"line":818,"column":4},"end":{"line":818,"column":4}},{"start":{"line":818,"column":4},"end":{"line":818,"column":4}}]},"117":{"line":823,"type":"if","locations":[{"start":{"line":823,"column":34},"end":{"line":823,"column":58}},{"start":{"line":823,"column":62},"end":{"line":823,"column":89}}]},"118":{"line":824,"type":"if","locations":[{"start":{"line":824,"column":4},"end":{"line":824,"column":4}},{"start":{"line":824,"column":4},"end":{"line":824,"column":4}}]},"119":{"line":825,"type":"if","locations":[{"start":{"line":825,"column":4},"end":{"line":825,"column":4}},{"start":{"line":825,"column":4},"end":{"line":825,"column":4}}]},"120":{"line":829,"type":"if","locations":[{"start":{"line":829,"column":4},"end":{"line":829,"column":4}},{"start":{"line":829,"column":4},"end":{"line":829,"column":4}}]},"121":{"line":831,"type":"if","locations":[{"start":{"line":831,"column":8},"end":{"line":831,"column":8}},{"start":{"line":831,"column":8},"end":{"line":831,"column":8}}]},"122":{"line":843,"type":"if","locations":[{"start":{"line":843,"column":4},"end":{"line":843,"column":4}},{"start":{"line":843,"column":4},"end":{"line":843,"column":4}}]},"123":{"line":844,"type":"if","locations":[{"start":{"line":844,"column":4},"end":{"line":844,"column":4}},{"start":{"line":844,"column":4},"end":{"line":844,"column":4}}]},"124":{"line":847,"type":"if","locations":[{"start":{"line":847,"column":4},"end":{"line":847,"column":4}},{"start":{"line":847,"column":4},"end":{"line":847,"column":4}}]},"125":{"line":848,"type":"if","locations":[{"start":{"line":848,"column":4},"end":{"line":848,"column":4}},{"start":{"line":848,"column":4},"end":{"line":848,"column":4}}]},"126":{"line":853,"type":"if","locations":[{"start":{"line":853,"column":4},"end":{"line":853,"column":4}},{"start":{"line":853,"column":4},"end":{"line":853,"column":4}}]},"127":{"line":860,"type":"if","locations":[{"start":{"line":860,"column":49},"end":{"line":860,"column":49}},{"start":{"line":860,"column":49},"end":{"line":860,"column":49}}]},"128":{"line":871,"type":"if","locations":[{"start":{"line":871,"column":4},"end":{"line":871,"column":4}},{"start":{"line":871,"column":4},"end":{"line":871,"column":4}}]},"129":{"line":874,"type":"if","locations":[{"start":{"line":874,"column":4},"end":{"line":874,"column":4}},{"start":{"line":874,"column":4},"end":{"line":874,"column":4}}]},"130":{"line":875,"type":"if","locations":[{"start":{"line":875,"column":4},"end":{"line":875,"column":4}},{"start":{"line":875,"column":4},"end":{"line":875,"column":4}}]},"131":{"line":876,"type":"if","locations":[{"start":{"line":876,"column":4},"end":{"line":876,"column":4}},{"start":{"line":876,"column":4},"end":{"line":876,"column":4}}]},"132":{"line":883,"type":"if","locations":[{"start":{"line":883,"column":49},"end":{"line":883,"column":49}},{"start":{"line":883,"column":49},"end":{"line":883,"column":49}}]},"133":{"line":888,"type":"if","locations":[{"start":{"line":888,"column":45},"end":{"line":888,"column":45}},{"start":{"line":888,"column":45},"end":{"line":888,"column":45}}]},"134":{"line":889,"type":"if","locations":[{"start":{"line":889,"column":4},"end":{"line":889,"column":4}},{"start":{"line":889,"column":4},"end":{"line":889,"column":4}}]},"135":{"line":900,"type":"if","locations":[{"start":{"line":900,"column":4},"end":{"line":900,"column":4}},{"start":{"line":900,"column":4},"end":{"line":900,"column":4}}]},"136":{"line":905,"type":"if","locations":[{"start":{"line":905,"column":4},"end":{"line":905,"column":4}},{"start":{"line":905,"column":4},"end":{"line":905,"column":4}}]},"137":{"line":910,"type":"if","locations":[{"start":{"line":910,"column":4},"end":{"line":910,"column":4}},{"start":{"line":910,"column":4},"end":{"line":910,"column":4}}]},"138":{"line":917,"type":"if","locations":[{"start":{"line":917,"column":4},"end":{"line":917,"column":4}},{"start":{"line":917,"column":4},"end":{"line":917,"column":4}}]},"139":{"line":918,"type":"if","locations":[{"start":{"line":918,"column":6},"end":{"line":918,"column":6}},{"start":{"line":918,"column":6},"end":{"line":918,"column":6}}]},"140":{"line":927,"type":"if","locations":[{"start":{"line":927,"column":6},"end":{"line":927,"column":6}},{"start":{"line":927,"column":6},"end":{"line":927,"column":6}}]},"141":{"line":936,"type":"if","locations":[{"start":{"line":936,"column":56},"end":{"line":936,"column":81}},{"start":{"line":936,"column":85},"end":{"line":936,"column":85}}]},"142":{"line":941,"type":"if","locations":[{"start":{"line":941,"column":6},"end":{"line":941,"column":6}},{"start":{"line":941,"column":6},"end":{"line":941,"column":6}}]},"143":{"line":942,"type":"if","locations":[{"start":{"line":942,"column":8},"end":{"line":942,"column":8}},{"start":{"line":942,"column":8},"end":{"line":942,"column":8}}]},"144":{"line":943,"type":"if","locations":[{"start":{"line":943,"column":13},"end":{"line":943,"column":13}},{"start":{"line":943,"column":13},"end":{"line":943,"column":13}}]},"145":{"line":950,"type":"if","locations":[{"start":{"line":950,"column":6},"end":{"line":950,"column":6}},{"start":{"line":950,"column":6},"end":{"line":950,"column":6}}]},"146":{"line":958,"type":"if","locations":[{"start":{"line":958,"column":4},"end":{"line":958,"column":4}},{"start":{"line":958,"column":4},"end":{"line":958,"column":4}}]},"147":{"line":962,"type":"if","locations":[{"start":{"line":962,"column":4},"end":{"line":962,"column":4}},{"start":{"line":962,"column":4},"end":{"line":962,"column":4}}]},"148":{"line":963,"type":"if","locations":[{"start":{"line":963,"column":6},"end":{"line":963,"column":6}},{"start":{"line":963,"column":6},"end":{"line":963,"column":6}}]},"149":{"line":968,"type":"if","locations":[{"start":{"line":968,"column":8},"end":{"line":968,"column":8}},{"start":{"line":968,"column":8},"end":{"line":968,"column":8}}]},"150":{"line":971,"type":"if","locations":[{"start":{"line":971,"column":8},"end":{"line":971,"column":8}},{"start":{"line":971,"column":8},"end":{"line":971,"column":8}}]},"151":{"line":977,"type":"if","locations":[{"start":{"line":977,"column":4},"end":{"line":977,"column":4}},{"start":{"line":977,"column":4},"end":{"line":977,"column":4}}]},"152":{"line":980,"type":"if","locations":[{"start":{"line":980,"column":4},"end":{"line":980,"column":4}},{"start":{"line":980,"column":4},"end":{"line":980,"column":4}}]},"153":{"line":991,"type":"if","locations":[{"start":{"line":991,"column":4},"end":{"line":991,"column":4}},{"start":{"line":991,"column":4},"end":{"line":991,"column":4}}]},"154":{"line":993,"type":"if","locations":[{"start":{"line":993,"column":4},"end":{"line":993,"column":4}},{"start":{"line":993,"column":4},"end":{"line":993,"column":4}}]},"155":{"line":1030,"type":"if","locations":[{"start":{"line":1030,"column":4},"end":{"line":1030,"column":4}},{"start":{"line":1030,"column":4},"end":{"line":1030,"column":4}}]}}},"contracts/IProofVerifier.sol":{"l":{},"path":"/Users/martinmarinov/lightchallenge/contracts/IProofVerifier.sol","s":{},"b":{},"f":{},"fnMap":{},"statementMap":{},"branchMap":{}},"contracts/MetadataRegistry.sol":{"l":{"52":9,"53":7,"57":6,"58":6,"59":6,"63":1,"64":1,"65":1,"70":6,"75":3,"76":3,"77":3,"79":2,"80":1,"84":3,"85":3,"89":7,"90":7,"95":9},"path":"/Users/martinmarinov/lightchallenge/contracts/MetadataRegistry.sol","s":{"1":9,"2":6,"3":6,"4":1,"5":1,"6":6,"7":3,"8":3,"9":3,"10":2,"11":1,"12":3,"13":3,"14":7,"15":9},"b":{"1":[7,2],"2":[6,0],"3":[1,0],"4":[1,0],"5":[6,2],"6":[3,0],"7":[2,1],"8":[1,1]},"f":{"1":9,"2":6,"3":1,"4":6,"5":3,"6":3,"7":7,"8":9},"fnMap":{"1":{"name":"onlyOwner","line":51,"loc":{"start":{"line":51,"column":4},"end":{"line":54,"column":4}}},"2":{"name":"constructor","line":56,"loc":{"start":{"line":56,"column":4},"end":{"line":60,"column":4}}},"3":{"name":"transferOwnership","line":62,"loc":{"start":{"line":62,"column":4},"end":{"line":66,"column":4}}},"4":{"name":"ownerSet","line":69,"loc":{"start":{"line":69,"column":4},"end":{"line":71,"column":4}}},"5":{"name":"challengerSet","line":74,"loc":{"start":{"line":74,"column":4},"end":{"line":81,"column":4}}},"6":{"name":"_readChallenger","line":83,"loc":{"start":{"line":83,"column":4},"end":{"line":86,"column":4}}},"7":{"name":"_set","line":88,"loc":{"start":{"line":88,"column":4},"end":{"line":91,"column":4}}},"8":{"name":"uri","line":94,"loc":{"start":{"line":94,"column":4},"end":{"line":96,"column":4}}}},"statementMap":{"1":{"start":{"line":52,"column":8},"end":{"line":52,"column":48}},"2":{"start":{"line":57,"column":8},"end":{"line":57,"column":56}},"3":{"start":{"line":59,"column":8},"end":{"line":59,"column":59}},"4":{"start":{"line":63,"column":8},"end":{"line":63,"column":52}},"5":{"start":{"line":64,"column":8},"end":{"line":64,"column":50}},"6":{"start":{"line":70,"column":8},"end":{"line":70,"column":51}},"7":{"start":{"line":75,"column":8},"end":{"line":75,"column":68}},"8":{"start":{"line":76,"column":8},"end":{"line":76,"column":49}},"9":{"start":{"line":77,"column":8},"end":{"line":77,"column":50}},"10":{"start":{"line":79,"column":8},"end":{"line":79,"column":86}},"11":{"start":{"line":80,"column":8},"end":{"line":80,"column":51}},"12":{"start":{"line":84,"column":8},"end":{"line":84,"column":108}},"13":{"start":{"line":85,"column":8},"end":{"line":85,"column":28}},"14":{"start":{"line":90,"column":8},"end":{"line":90,"column":76}},"15":{"start":{"line":95,"column":8},"end":{"line":95,"column":51}}},"branchMap":{"1":{"line":52,"type":"if","locations":[{"start":{"line":52,"column":8},"end":{"line":52,"column":8}},{"start":{"line":52,"column":8},"end":{"line":52,"column":8}}]},"2":{"line":57,"type":"if","locations":[{"start":{"line":57,"column":8},"end":{"line":57,"column":8}},{"start":{"line":57,"column":8},"end":{"line":57,"column":8}}]},"3":{"line":62,"type":"if","locations":[{"start":{"line":62,"column":58},"end":{"line":62,"column":58}},{"start":{"line":62,"column":58},"end":{"line":62,"column":58}}]},"4":{"line":63,"type":"if","locations":[{"start":{"line":63,"column":8},"end":{"line":63,"column":8}},{"start":{"line":63,"column":8},"end":{"line":63,"column":8}}]},"5":{"line":69,"type":"if","locations":[{"start":{"line":69,"column":103},"end":{"line":69,"column":103}},{"start":{"line":69,"column":103},"end":{"line":69,"column":103}}]},"6":{"line":76,"type":"if","locations":[{"start":{"line":76,"column":8},"end":{"line":76,"column":8}},{"start":{"line":76,"column":8},"end":{"line":76,"column":8}}]},"7":{"line":77,"type":"if","locations":[{"start":{"line":77,"column":8},"end":{"line":77,"column":8}},{"start":{"line":77,"column":8},"end":{"line":77,"column":8}}]},"8":{"line":79,"type":"if","locations":[{"start":{"line":79,"column":8},"end":{"line":79,"column":8}},{"start":{"line":79,"column":8},"end":{"line":79,"column":8}}]}}}}